0 info it worked if it ends with ok
1 verbose cli [ '/Users/a0g0kp8/.nvm/versions/node/v6.17.1/bin/node',
1 verbose cli   '/Users/a0g0kp8/.nvm/versions/node/v6.17.1/bin/npm',
1 verbose cli   'run',
1 verbose cli   'start-review-service' ]
2 info using npm@3.10.10
3 info using node@v6.17.1
4 verbose run-script [ 'prestart-review-service',
4 verbose run-script   'start-review-service',
4 verbose run-script   'poststart-review-service' ]
5 info lifecycle app47-federation-graphql@1.0.0~prestart-review-service: app47-federation-graphql@1.0.0
6 silly lifecycle app47-federation-graphql@1.0.0~prestart-review-service: no script for prestart-review-service, continuing
7 info lifecycle app47-federation-graphql@1.0.0~start-review-service: app47-federation-graphql@1.0.0
8 verbose lifecycle app47-federation-graphql@1.0.0~start-review-service: unsafe-perm in lifecycle true
9 verbose lifecycle app47-federation-graphql@1.0.0~start-review-service: PATH: /Users/a0g0kp8/.nvm/versions/node/v6.17.1/lib/node_modules/npm/bin/node-gyp-bin:/Users/a0g0kp8/Desktop/PersonalLearnings/NodeJSScalingPOCs/app47-federation-graphql/node_modules/.bin:/Users/a0g0kp8/.nvm/versions/node/v6.17.1/bin:/usr/local/bin:/usr/local/bin:/usr/bin:/bin:/usr/sbin:/sbin:/usr/local/sbin:/usr/local/munki:/Library/Frameworks/Python.framework/Versions/3.10/bin:/opt/homebrew/bin:/opt/homebrew/sbin:/Users/a0g0kp8/.sledge/bin
10 verbose lifecycle app47-federation-graphql@1.0.0~start-review-service: CWD: /Users/a0g0kp8/Desktop/PersonalLearnings/NodeJSScalingPOCs/app47-federation-graphql
11 silly lifecycle app47-federation-graphql@1.0.0~start-review-service: Args: [ '-c', 'ts-node review' ]
12 silly lifecycle app47-federation-graphql@1.0.0~start-review-service: Returned: code: 1  signal: null
13 info lifecycle app47-federation-graphql@1.0.0~start-review-service: Failed to exec start-review-service script
14 verbose stack Error: app47-federation-graphql@1.0.0 start-review-service: `ts-node review`
14 verbose stack Exit status 1
14 verbose stack     at EventEmitter.<anonymous> (/Users/a0g0kp8/.nvm/versions/node/v6.17.1/lib/node_modules/npm/lib/utils/lifecycle.js:255:16)
14 verbose stack     at emitTwo (events.js:106:13)
14 verbose stack     at EventEmitter.emit (events.js:191:7)
14 verbose stack     at ChildProcess.<anonymous> (/Users/a0g0kp8/.nvm/versions/node/v6.17.1/lib/node_modules/npm/lib/utils/spawn.js:40:14)
14 verbose stack     at emitTwo (events.js:106:13)
14 verbose stack     at ChildProcess.emit (events.js:191:7)
14 verbose stack     at maybeClose (internal/child_process.js:920:16)
14 verbose stack     at Process.ChildProcess._handle.onexit (internal/child_process.js:230:5)
15 verbose pkgid app47-federation-graphql@1.0.0
16 verbose cwd /Users/a0g0kp8/Desktop/PersonalLearnings/NodeJSScalingPOCs/app47-federation-graphql
17 error Darwin 21.6.0
18 error argv "/Users/a0g0kp8/.nvm/versions/node/v6.17.1/bin/node" "/Users/a0g0kp8/.nvm/versions/node/v6.17.1/bin/npm" "run" "start-review-service"
19 error node v6.17.1
20 error npm  v3.10.10
21 error code ELIFECYCLE
22 error app47-federation-graphql@1.0.0 start-review-service: `ts-node review`
22 error Exit status 1
23 error Failed at the app47-federation-graphql@1.0.0 start-review-service script 'ts-node review'.
23 error Make sure you have the latest version of node.js and npm installed.
23 error If you do, this is most likely a problem with the app47-federation-graphql package,
23 error not with npm itself.
23 error Tell the author that this fails on your system:
23 error     ts-node review
23 error You can get information on how to open an issue for this project with:
23 error     npm bugs app47-federation-graphql
23 error Or if that isn't available, you can get their info via:
23 error     npm owner ls app47-federation-graphql
23 error There is likely additional logging output above.
24 verbose exit [ 1, true ]
